Using pre-set license
Built from '2021.3/staging' branch; Version is '2021.3.22f1 (b6c551784ba3) revision 11978065'; Using compiler version '192829333'; Build Type 'Release'
OS: 'Windows 11  (10.0.22000) 64bit Professional' Language: 'en' Physical Memory: 32656 MB
BatchMode: 1, IsHumanControllingUs: 0, StartBugReporterOnCrash: 0, Is64bit: 1, IsPro: 1

COMMAND LINE ARGUMENTS:
D:\Unity\2021.3.22f1\Editor\Unity.exe
-adb2
-batchMode
-noUpm
-name
AssetImportWorker0
-projectPath
D:/Unity/Projects/chessGame/chess-game-project
-logFile
Logs/AssetImportWorker0.log
-srvPort
63750
Successfully changed project path to: D:/Unity/Projects/chessGame/chess-game-project
D:/Unity/Projects/chessGame/chess-game-project
[UnityMemory] Configuration Parameters - Can be set up in boot.config
    "memorysetup-bucket-allocator-granularity=16"
    "memorysetup-bucket-allocator-bucket-count=8"
    "memorysetup-bucket-allocator-block-size=33554432"
    "memorysetup-bucket-allocator-block-count=8"
    "memorysetup-main-allocator-block-size=16777216"
    "memorysetup-thread-allocator-block-size=16777216"
    "memorysetup-gfx-main-allocator-block-size=16777216"
    "memorysetup-gfx-thread-allocator-block-size=16777216"
    "memorysetup-cache-allocator-block-size=4194304"
    "memorysetup-typetree-allocator-block-size=2097152"
    "memorysetup-profiler-bucket-allocator-granularity=16"
    "memorysetup-profiler-bucket-allocator-bucket-count=8"
    "memorysetup-profiler-bucket-allocator-block-size=33554432"
    "memorysetup-profiler-bucket-allocator-block-count=8"
    "memorysetup-profiler-allocator-block-size=16777216"
    "memorysetup-profiler-editor-allocator-block-size=1048576"
    "memorysetup-temp-allocator-size-main=16777216"
    "memorysetup-job-temp-allocator-block-size=2097152"
    "memorysetup-job-temp-allocator-block-size-background=1048576"
    "memorysetup-job-temp-allocator-reduction-small-platforms=262144"
    "memorysetup-temp-allocator-size-background-worker=32768"
    "memorysetup-temp-allocator-size-job-worker=262144"
    "memorysetup-temp-allocator-size-preload-manager=33554432"
    "memorysetup-temp-allocator-size-nav-mesh-worker=65536"
    "memorysetup-temp-allocator-size-audio-worker=65536"
    "memorysetup-temp-allocator-size-cloud-worker=32768"
    "memorysetup-temp-allocator-size-gi-baking-worker=262144"
    "memorysetup-temp-allocator-size-gfx=262144"
Player connection [19656] Host "[IP] 192.168.1.1 [Port] 0 [Flags] 2 [Guid] 3120402859 [EditorId] 3120402859 [Version] 1048832 [Id] WindowsEditor(7,CaioDESKTOP) [Debug] 1 [PackageName] WindowsEditor [ProjectName] Editor" joined multi-casting on [225.0.0.222:54997]...

Player connection [19656] Host "[IP] 192.168.1.1 [Port] 0 [Flags] 2 [Guid] 3120402859 [EditorId] 3120402859 [Version] 1048832 [Id] WindowsEditor(7,CaioDESKTOP) [Debug] 1 [PackageName] WindowsEditor [ProjectName] Editor" joined alternative multi-casting on [225.0.0.222:34997]...

Refreshing native plugins compatible for Editor in 68.10 ms, found 4 plugins.
Preloading 0 native plugins for Editor in 0.00 ms.
Initialize engine version: 2021.3.22f1 (b6c551784ba3)
[Subsystems] Discovering subsystems at path D:/Unity/2021.3.22f1/Editor/Data/Resources/UnitySubsystems
[Subsystems] Discovering subsystems at path D:/Unity/Projects/chessGame/chess-game-project/Assets
GfxDevice: creating device client; threaded=0; jobified=0
Direct3D:
    Version:  Direct3D 11.0 [level 11.1]
    Renderer: NVIDIA GeForce RTX 3060 (ID=0x2504)
    Vendor:   NVIDIA
    VRAM:     12129 MB
    Driver:   31.0.15.3141
Initialize mono
Mono path[0] = 'D:/Unity/2021.3.22f1/Editor/Data/Managed'
Mono path[1] = 'D:/Unity/2021.3.22f1/Editor/Data/MonoBleedingEdge/lib/mono/unityjit-win32'
Mono config path = 'D:/Unity/2021.3.22f1/Editor/Data/MonoBleedingEdge/etc'
Using monoOptions --debugger-agent=transport=dt_socket,embedding=1,server=y,suspend=n,address=127.0.0.1:56240
Begin MonoManager ReloadAssembly
Registering precompiled unity dll's ...
Register platform support module: D:/Unity/2021.3.22f1/Editor/Data/PlaybackEngines/WebGLSupport/UnityEditor.WebGL.Extensions.dll
Register platform support module: D:/Unity/2021.3.22f1/Editor/Data/PlaybackEngines/WindowsStandaloneSupport/UnityEditor.WindowsStandalone.Extensions.dll
Registered in 0.001498 seconds.
Native extension for WindowsStandalone target not found
Native extension for WebGL target not found
Refreshing native plugins compatible for Editor in 64.94 ms, found 4 plugins.
Preloading 0 native plugins for Editor in 0.00 ms.
Mono: successfully reloaded assembly
- Completed reload, in  0.457 seconds
Domain Reload Profiling:
	ReloadAssembly (458ms)
		BeginReloadAssembly (70ms)
			ExecutionOrderSort (0ms)
			DisableScriptedObjects (0ms)
			BackupInstance (0ms)
			ReleaseScriptingObjects (0ms)
			CreateAndSetChildDomain (1ms)
		EndReloadAssembly (326ms)
			LoadAssemblies (70ms)
			RebuildTransferFunctionScriptingTraits (0ms)
			SetupTypeCache (76ms)
			ReleaseScriptCaches (0ms)
			RebuildScriptCaches (19ms)
			SetupLoadedEditorAssemblies (196ms)
				LogAssemblyErrors (0ms)
				InitializePlatformSupportModulesInManaged (5ms)
				SetLoadedEditorAssemblies (0ms)
				RefreshPlugins (65ms)
				BeforeProcessingInitializeOnLoad (1ms)
				ProcessInitializeOnLoadAttributes (90ms)
				ProcessInitializeOnLoadMethodAttributes (34ms)
				AfterProcessingInitializeOnLoad (0ms)
				EditorAssembliesLoaded (0ms)
			ExecutionOrderSort2 (0ms)
			AwakeInstancesAfterBackupRestoration (0ms)
Platform modules already initialized, skipping
Registering precompiled user dll's ...
Registered in 0.004319 seconds.
Begin MonoManager ReloadAssembly
Symbol file LoadedFromMemory doesn't match image D:\Unity\Projects\chessGame\chess-game-project\Library\PackageCache\com.unity.visualscripting@1.8.0\Editor\VisualScripting.Core\Dependencies\YamlDotNet\Unity.VisualScripting.YamlDotNet.dll
Symbol file LoadedFromMemory doesn't match image D:\Unity\Projects\chessGame\chess-game-project\Library\PackageCache\com.unity.visualscripting@1.8.0\Editor\VisualScripting.Core\Dependencies\DotNetZip\Unity.VisualScripting.IonicZip.dll
Native extension for WindowsStandalone target not found
Native extension for WebGL target not found
Refreshing native plugins compatible for Editor in 83.43 ms, found 4 plugins.
Preloading 0 native plugins for Editor in 0.00 ms.
Mono: successfully reloaded assembly
- Completed reload, in  0.936 seconds
Domain Reload Profiling:
	ReloadAssembly (936ms)
		BeginReloadAssembly (108ms)
			ExecutionOrderSort (0ms)
			DisableScriptedObjects (5ms)
			BackupInstance (0ms)
			ReleaseScriptingObjects (0ms)
			CreateAndSetChildDomain (18ms)
		EndReloadAssembly (734ms)
			LoadAssemblies (86ms)
			RebuildTransferFunctionScriptingTraits (0ms)
			SetupTypeCache (189ms)
			ReleaseScriptCaches (1ms)
			RebuildScriptCaches (45ms)
			SetupLoadedEditorAssemblies (392ms)
				LogAssemblyErrors (0ms)
				InitializePlatformSupportModulesInManaged (4ms)
				SetLoadedEditorAssemblies (0ms)
				RefreshPlugins (83ms)
				BeforeProcessingInitializeOnLoad (82ms)
				ProcessInitializeOnLoadAttributes (187ms)
				ProcessInitializeOnLoadMethodAttributes (30ms)
				AfterProcessingInitializeOnLoad (4ms)
				EditorAssembliesLoaded (0ms)
			ExecutionOrderSort2 (0ms)
			AwakeInstancesAfterBackupRestoration (5ms)
Platform modules already initialized, skipping
========================================================================
Worker process is ready to serve import requests
Launched and connected shader compiler UnityShaderCompiler.exe after 0.06 seconds
Refreshing native plugins compatible for Editor in 0.77 ms, found 4 plugins.
Preloading 0 native plugins for Editor in 0.00 ms.
Unloading 3735 Unused Serialized files (Serialized files now loaded: 0)
Unloading 41 unused Assets / (229.1 KB). Loaded Objects now: 4188.
Memory consumption went from 142.7 MB to 142.4 MB.
Total: 3.804700 ms (FindLiveObjects: 0.427700 ms CreateObjectMapping: 0.092400 ms MarkObjects: 3.083200 ms  DeleteObjects: 0.200300 ms)

AssetImportParameters requested are different than current active one (requested -> active):
  custom:video-decoder-ogg-theora: a1e56fd34408186e4bbccfd4996cb3dc -> 
  custom:container-muxer-webm: aa71ff27fc2769a1b78a27578f13a17b -> 
  custom:container-demuxer-webm: 4f35f7cbe854078d1ac9338744f61a02 -> 
  custom:video-encoder-webm-vp8: eb34c28f22e8b96e1ab97ce403110664 -> 
  custom:audio-encoder-webm-vorbis: bf7c407c2cedff20999df2af8eb42d56 -> 
  custom:framework-win-MediaFoundation: 216162199b28c13a410421893ffa2e32 -> 
  custom:container-demuxer-ogg: 62fdf1f143b41e24485cea50d1cbac27 -> 
  custom:video-decoder-webm-vp8: 9c59270c3fd7afecdb556c50c9e8de78 -> 
  custom:audio-decoder-ogg-vorbis: bf7c407c2cedff20999df2af8eb42d56 -> 
========================================================================
Received Import Request.
  Time since last request: 161235.174443 seconds.
  path: Assets/Assets/Sprites/Pieces/Black/Black - Wood 1 128x128.png
  artifactKey: Guid(602eed0560f9a2d4a98997f8598cb4b2) Importer(815301076,1909f56bfc062723c751e8b465ee728b)
Start importing Assets/Assets/Sprites/Pieces/Black/Black - Wood 1 128x128.png using Guid(602eed0560f9a2d4a98997f8598cb4b2) Importer(815301076,1909f56bfc062723c751e8b465ee728b)  -> (artifact id: '7fd1c263414e3dfa08ecc2320fa4419c') in 0.150688 seconds 
========================================================================
Received Import Request.
  Time since last request: 0.000029 seconds.
  path: Assets/Assets/Sprites/Pieces/Black/Black - Plastic 1 128x128.png
  artifactKey: Guid(811c4efb01d3cd64bbd35597b08a391b) Importer(815301076,1909f56bfc062723c751e8b465ee728b)
Start importing Assets/Assets/Sprites/Pieces/Black/Black - Plastic 1 128x128.png using Guid(811c4efb01d3cd64bbd35597b08a391b) Importer(815301076,1909f56bfc062723c751e8b465ee728b)  -> (artifact id: 'b988f26723512c0d3778f9baee56256c') in 0.028376 seconds 
========================================================================
Received Import Request.
  Time since last request: 13.372820 seconds.
  path: Assets/Assets/Sprites/Pieces/White/White - Plastic 1 128x128.png
  artifactKey: Guid(032a2e26666d04b40be36efdf78fd6be) Importer(815301076,1909f56bfc062723c751e8b465ee728b)
Start importing Assets/Assets/Sprites/Pieces/White/White - Plastic 1 128x128.png using Guid(032a2e26666d04b40be36efdf78fd6be) Importer(815301076,1909f56bfc062723c751e8b465ee728b)  -> (artifact id: '4eed81e219299246e3eedd0518e31e64') in 0.024758 seconds 
========================================================================
Received Import Request.
  Time since last request: 0.000020 seconds.
  path: Assets/Assets/Sprites/Pieces/White/White - Wood 1 128x128.png
  artifactKey: Guid(eb651beefda2d934ebbc18f09a562d46) Importer(815301076,1909f56bfc062723c751e8b465ee728b)
Start importing Assets/Assets/Sprites/Pieces/White/White - Wood 1 128x128.png using Guid(eb651beefda2d934ebbc18f09a562d46) Importer(815301076,1909f56bfc062723c751e8b465ee728b)  -> (artifact id: 'fbbf9555d5bfea36fec4db28269bea22') in 0.022698 seconds 
========================================================================
Received Import Request.
  Time since last request: 717.214331 seconds.
  path: Assets/Assets/Sprites/Pieces/White/Piece By Piece/Cavalo Esquerdo.png
  artifactKey: Guid(2a4419208fef9d24a805668d9164721e) Importer(815301076,1909f56bfc062723c751e8b465ee728b)
Start importing Assets/Assets/Sprites/Pieces/White/Piece By Piece/Cavalo Esquerdo.png using Guid(2a4419208fef9d24a805668d9164721e) Importer(815301076,1909f56bfc062723c751e8b465ee728b)  -> (artifact id: 'd8a99e26ec605a8c9a3852da8e35f785') in 0.013117 seconds 
========================================================================
Received Import Request.
  Time since last request: 0.000023 seconds.
  path: Assets/Assets/Sprites/Pieces/White/Piece By Piece/Rainha.png
  artifactKey: Guid(af285e5470912254bb7dd87d7e4cd875) Importer(815301076,1909f56bfc062723c751e8b465ee728b)
Start importing Assets/Assets/Sprites/Pieces/White/Piece By Piece/Rainha.png using Guid(af285e5470912254bb7dd87d7e4cd875) Importer(815301076,1909f56bfc062723c751e8b465ee728b)  -> (artifact id: '32de63f3db596516de3ca4f24609cf2e') in 0.011634 seconds 
========================================================================
Received Import Request.
  Time since last request: 0.000022 seconds.
  path: Assets/Assets/Sprites/Pieces/White/Piece By Piece/Rei.png
  artifactKey: Guid(6fa47f81535d3af47a14dfaf206c0ac3) Importer(815301076,1909f56bfc062723c751e8b465ee728b)
Start importing Assets/Assets/Sprites/Pieces/White/Piece By Piece/Rei.png using Guid(6fa47f81535d3af47a14dfaf206c0ac3) Importer(815301076,1909f56bfc062723c751e8b465ee728b)  -> (artifact id: 'e3e535991999e7939d10d526e460a8b2') in 0.011179 seconds 
========================================================================
Received Import Request.
  Time since last request: 0.000025 seconds.
  path: Assets/Assets/Sprites/Pieces/White/Piece By Piece/Torre.png
  artifactKey: Guid(bc8d056b6b8bca6458f34a61f1b0ddb2) Importer(815301076,1909f56bfc062723c751e8b465ee728b)
Start importing Assets/Assets/Sprites/Pieces/White/Piece By Piece/Torre.png using Guid(bc8d056b6b8bca6458f34a61f1b0ddb2) Importer(815301076,1909f56bfc062723c751e8b465ee728b)  -> (artifact id: '02f1428b7785786a83d7ba242028d9b5') in 0.010327 seconds 
========================================================================
Received Import Request.
  Time since last request: 12.376777 seconds.
  path: Assets/Assets/Sprites/Pieces/White/Piece By Piece/Cavalo Esquerdo.png
  artifactKey: Guid(2a4419208fef9d24a805668d9164721e) Importer(815301076,1909f56bfc062723c751e8b465ee728b)
Start importing Assets/Assets/Sprites/Pieces/White/Piece By Piece/Cavalo Esquerdo.png using Guid(2a4419208fef9d24a805668d9164721e) Importer(815301076,1909f56bfc062723c751e8b465ee728b)  -> (artifact id: 'd1b4bfe3fc9314cbce10e7632d77426d') in 0.009919 seconds 
========================================================================
Received Import Request.
  Time since last request: 0.000018 seconds.
  path: Assets/Assets/Sprites/Pieces/White/Piece By Piece/Rainha.png
  artifactKey: Guid(af285e5470912254bb7dd87d7e4cd875) Importer(815301076,1909f56bfc062723c751e8b465ee728b)
Start importing Assets/Assets/Sprites/Pieces/White/Piece By Piece/Rainha.png using Guid(af285e5470912254bb7dd87d7e4cd875) Importer(815301076,1909f56bfc062723c751e8b465ee728b)  -> (artifact id: '202512dcbdb37516b69af78a12d2ac19') in 0.011783 seconds 
========================================================================
Received Import Request.
  Time since last request: 0.000019 seconds.
  path: Assets/Assets/Sprites/Pieces/White/Piece By Piece/Torre.png
  artifactKey: Guid(bc8d056b6b8bca6458f34a61f1b0ddb2) Importer(815301076,1909f56bfc062723c751e8b465ee728b)
Start importing Assets/Assets/Sprites/Pieces/White/Piece By Piece/Torre.png using Guid(bc8d056b6b8bca6458f34a61f1b0ddb2) Importer(815301076,1909f56bfc062723c751e8b465ee728b)  -> (artifact id: '9665108e68952e4f68223cee9b03df3d') in 0.011089 seconds 
Editor requested this worker to shutdown with reason: Scaling down because of idle timeout
AssetImportWorker is now disconnected from the server
Process exiting
Exiting without the bug reporter. Application will terminate with return code 0